[debug] [2023-05-28T23:23:40.121Z] ----------------------------------------------------------------------
[debug] [2023-05-28T23:23:40.123Z] Command:       C:\Program Files\nodejs\node.exe C:\Users\hp\AppData\Roaming\npm\node_modules\firebase-tools\lib\bin\firebase.js init hosting
[debug] [2023-05-28T23:23:40.123Z] CLI Version:   12.2.1
[debug] [2023-05-28T23:23:40.123Z] Platform:      win32
[debug] [2023-05-28T23:23:40.123Z] Node Version:  v16.15.1
[debug] [2023-05-28T23:23:40.128Z] Time:          Mon May 29 2023 04:53:40 GMT+0530 (India Standard Time)
[debug] [2023-05-28T23:23:40.128Z] ----------------------------------------------------------------------
[debug] 
[debug] [2023-05-28T23:23:40.191Z] > command requires scopes: ["email","openid","https://www.googleapis.com/auth/cloudplatformprojects.readonly","https://www.googleapis.com/auth/firebase","https://www.googleapis.com/auth/cloud-platform"]
[debug] [2023-05-28T23:23:40.192Z] > authorizing via signed-in user (yujityadav99@gmail.com)
[info] 
     ######## #### ########  ######## ########     ###     ######  ########
     ##        ##  ##     ## ##       ##     ##  ##   ##  ##       ##
     ######    ##  ########  ######   ########  #########  ######  ######
     ##        ##  ##    ##  ##       ##     ## ##     ##       ## ##
     ##       #### ##     ## ######## ########  ##     ##  ######  ########

You're about to initialize a Firebase project in this directory:

  D:\Developnment\Projects\E-Commerse Website\frontend

Before we get started, keep in mind:

  * You are initializing within an existing Firebase project directory

